<?xml version="1.0" encoding="UTF-8"?>
<!-- Generated by org.testng.reporters.JUnitReportReporter -->
<testsuite hostname="Sugunadevi" failures="0" tests="1" name="Google" time="2.350" errors="0" timestamp="2021-11-17T12:08:28 IST" skipped="0">
  <testcase classname="Google" name="testGoogleSearch" time="2.350"/>
  <system-out/>
</testsuite> <!-- Google -->
