<?xml version="1.0" encoding="UTF-8"?>
<!-- Generated by org.testng.reporters.JUnitReportReporter -->
<testsuite hostname="Sugunadevi" failures="0" tests="1" name="Google" time="1.705" errors="0" timestamp="2021-11-16T16:36:50 IST" skipped="0">
  <testcase classname="Google" name="testGoogleSearch" time="1.705"/>
  <system-out/>
</testsuite> <!-- Google -->
